  [1m[35m (0.1ms)[0m  [1m[34mSELECT sqlite_version(*)[0m
  ↳ bin/rails:9
  [1m[35m (33.3ms)[0m  [1m[35mCREATE TABLE "schema_migrations" ("version" varchar NOT NULL PRIMARY KEY)[0m
  ↳ bin/rails:9
  [1m[35m (15.0ms)[0m  [1m[35mCREATE TABLE "ar_internal_metadata" ("key" varchar NOT NULL PRIMARY KEY, "value" varchar, "created_at" datetime NOT NULL, "updated_at" datetime NOT NULL)[0m
  ↳ bin/rails:9
  [1m[35m (0.2ms)[0m  [1m[34mSELECT "schema_migrations"."version" FROM "schema_migrations" ORDER BY "schema_migrations"."version" ASC[0m
  ↳ bin/rails:9
Migrating to CreateUsers (20181220003143)
  [1m[35m (0.1ms)[0m  [1m[36mbegin transaction[0m
  ↳ bin/rails:9
  [1m[35m (0.1ms)[0m  [1m[31mrollback transaction[0m
  ↳ bin/rails:9
  [1m[35m (0.1ms)[0m  [1m[34mSELECT "schema_migrations"."version" FROM "schema_migrations" ORDER BY "schema_migrations"."version" ASC[0m
  ↳ bin/rails:9
  [1m[35m (0.1ms)[0m  [1m[34mSELECT "schema_migrations"."version" FROM "schema_migrations" ORDER BY "schema_migrations"."version" ASC[0m
  ↳ bin/rails:9
Migrating to CreateUsers (20181220003143)
  [1m[35m (0.1ms)[0m  [1m[36mbegin transaction[0m
  ↳ bin/rails:9
  [1m[35m (0.1ms)[0m  [1m[34mSELECT sqlite_version(*)[0m
  ↳ db/migrate/20181220003143_create_users.rb:3
  [1m[35m (0.5ms)[0m  [1m[35mCREATE TABLE "users" ("id" integer PRIMARY KEY AUTOINCREMENT NOT NULL, "name" varchar, "team_id" integer, "avatar" varchar, "created_at" datetime NOT NULL, "updated_at" datetime NOT NULL)[0m
  ↳ db/migrate/20181220003143_create_users.rb:3
  [1m[36mActiveRecord::SchemaMigration Create (0.3ms)[0m  [1m[32mINSERT INTO "schema_migrations" ("version") VALUES (?)[0m  [["version", "20181220003143"]]
  ↳ bin/rails:9
  [1m[35m (59.2ms)[0m  [1m[36mcommit transaction[0m
  ↳ bin/rails:9
Migrating to CreateTeams (20181220003814)
  [1m[35m (0.3ms)[0m  [1m[36mbegin transaction[0m
  ↳ bin/rails:9
  [1m[35m (1.2ms)[0m  [1m[35mCREATE TABLE "teams" ("id" integer PRIMARY KEY AUTOINCREMENT NOT NULL, "name" varchar, "sport" varchar, "created_at" datetime NOT NULL, "updated_at" datetime NOT NULL)[0m
  ↳ db/migrate/20181220003814_create_teams.rb:3
  [1m[36mActiveRecord::SchemaMigration Create (0.2ms)[0m  [1m[32mINSERT INTO "schema_migrations" ("version") VALUES (?)[0m  [["version", "20181220003814"]]
  ↳ bin/rails:9
  [1m[35m (61.7ms)[0m  [1m[36mcommit transaction[0m
  ↳ bin/rails:9
  [1m[36mActiveRecord::InternalMetadata Load (0.6ms)[0m  [1m[34mSELECT  "ar_internal_metadata".* FROM "ar_internal_metadata" WHERE "ar_internal_metadata"."key" = ? LIMIT ?[0m  [["key", "environment"], ["LIMIT", 1]]
  ↳ bin/rails:9
  [1m[35m (0.1ms)[0m  [1m[36mbegin transaction[0m
  ↳ bin/rails:9
  [1m[36mActiveRecord::InternalMetadata Create (0.3ms)[0m  [1m[32mINSERT INTO "ar_internal_metadata" ("key", "value", "created_at", "updated_at") VALUES (?, ?, ?, ?)[0m  [["key", "environment"], ["value", "development"], ["created_at", "2018-12-20 00:47:58.656919"], ["updated_at", "2018-12-20 00:47:58.656919"]]
  ↳ bin/rails:9
  [1m[35m (51.7ms)[0m  [1m[36mcommit transaction[0m
  ↳ bin/rails:9
  [1m[35m (0.4ms)[0m  [1m[34mSELECT "schema_migrations"."version" FROM "schema_migrations" ORDER BY "schema_migrations"."version" ASC[0m
  ↳ bin/rails:9
  [1m[35m (0.1ms)[0m  [1m[34mSELECT "schema_migrations"."version" FROM "schema_migrations" ORDER BY "schema_migrations"."version" ASC[0m
  ↳ bin/rails:9
  [1m[36mTeam Load (0.2ms)[0m  [1m[34mSELECT "teams".* FROM "teams"[0m
  ↳ db/seeds.rb:2
  [1m[36mUser Load (1.3ms)[0m  [1m[34mSELECT "users".* FROM "users"[0m
  ↳ db/seeds.rb:3
  [1m[35m (0.1ms)[0m  [1m[36mbegin transaction[0m
  ↳ db/seeds.rb:7
  [1m[36mTeam Create (0.3ms)[0m  [1m[32mINSERT INTO "teams" ("name", "sport", "created_at", "updated_at") VALUES (?, ?, ?, ?)[0m  [["name", "Wyoming dolphins"], ["sport", "bandy"], ["created_at", "2018-12-20 00:48:03.208965"], ["updated_at", "2018-12-20 00:48:03.208965"]]
  ↳ db/seeds.rb:7
  [1m[35m (88.8ms)[0m  [1m[36mcommit transaction[0m
  ↳ db/seeds.rb:7
  [1m[35m (0.2ms)[0m  [1m[36mbegin transaction[0m
  ↳ db/seeds.rb:14
  [1m[36mUser Create (1.9ms)[0m  [1m[32mINSERT INTO "users" ("name", "team_id", "created_at", "updated_at") VALUES (?, ?, ?, ?)[0m  [["name", "Barry Deckow"], ["team_id", 1], ["created_at", "2018-12-20 00:48:03.427616"], ["updated_at", "2018-12-20 00:48:03.427616"]]
  ↳ db/seeds.rb:14
  [1m[35m (22.5ms)[0m  [1m[36mcommit transaction[0m
  ↳ db/seeds.rb:14
  [1m[35m (0.1ms)[0m  [1m[36mbegin transaction[0m
  ↳ db/seeds.rb:14
  [1m[36mUser Create (0.6ms)[0m  [1m[32mINSERT INTO "users" ("name", "team_id", "created_at", "updated_at") VALUES (?, ?, ?, ?)[0m  [["name", "Violette Zulauf II"], ["team_id", 1], ["created_at", "2018-12-20 00:48:03.459386"], ["updated_at", "2018-12-20 00:48:03.459386"]]
  ↳ db/seeds.rb:14
  [1m[35m (16.4ms)[0m  [1m[36mcommit transaction[0m
  ↳ db/seeds.rb:14
  [1m[35m (0.3ms)[0m  [1m[36mbegin transaction[0m
  ↳ db/seeds.rb:14
  [1m[36mUser Create (0.4ms)[0m  [1m[32mINSERT INTO "users" ("name", "team_id", "created_at", "updated_at") VALUES (?, ?, ?, ?)[0m  [["name", "Chasidy MacGyver"], ["team_id", 1], ["created_at", "2018-12-20 00:48:03.486504"], ["updated_at", "2018-12-20 00:48:03.486504"]]
  ↳ db/seeds.rb:14
  [1m[35m (14.4ms)[0m  [1m[36mcommit transaction[0m
  ↳ db/seeds.rb:14
  [1m[35m (0.1ms)[0m  [1m[36mbegin transaction[0m
  ↳ db/seeds.rb:14
  [1m[36mUser Create (0.4ms)[0m  [1m[32mINSERT INTO "users" ("name", "team_id", "created_at", "updated_at") VALUES (?, ?, ?, ?)[0m  [["name", "Michal Cummings"], ["team_id", 1], ["created_at", "2018-12-20 00:48:03.508809"], ["updated_at", "2018-12-20 00:48:03.508809"]]
  ↳ db/seeds.rb:14
  [1m[35m (12.6ms)[0m  [1m[36mcommit transaction[0m
  ↳ db/seeds.rb:14
  [1m[35m (0.1ms)[0m  [1m[36mbegin transaction[0m
  ↳ db/seeds.rb:14
  [1m[36mUser Create (1.4ms)[0m  [1m[32mINSERT INTO "users" ("name", "team_id", "created_at", "updated_at") VALUES (?, ?, ?, ?)[0m  [["name", "Alexander Prohaska"], ["team_id", 1], ["created_at", "2018-12-20 00:48:03.528358"], ["updated_at", "2018-12-20 00:48:03.528358"]]
  ↳ db/seeds.rb:14
  [1m[35m (12.7ms)[0m  [1m[36mcommit transaction[0m
  ↳ db/seeds.rb:14
  [1m[35m (0.1ms)[0m  [1m[36mbegin transaction[0m
  ↳ db/seeds.rb:7
  [1m[36mTeam Create (0.3ms)[0m  [1m[32mINSERT INTO "teams" ("name", "sport", "created_at", "updated_at") VALUES (?, ?, ?, ?)[0m  [["name", "Wyoming crows"], ["sport", "volley ball"], ["created_at", "2018-12-20 00:48:03.547195"], ["updated_at", "2018-12-20 00:48:03.547195"]]
  ↳ db/seeds.rb:7
  [1m[35m (12.2ms)[0m  [1m[36mcommit transaction[0m
  ↳ db/seeds.rb:7
  [1m[35m (0.1ms)[0m  [1m[36mbegin transaction[0m
  ↳ db/seeds.rb:14
  [1m[36mUser Create (0.4ms)[0m  [1m[32mINSERT INTO "users" ("name", "team_id", "created_at", "updated_at") VALUES (?, ?, ?, ?)[0m  [["name", "Mr. Chantal Breitenberg"], ["team_id", 2], ["created_at", "2018-12-20 00:48:03.565369"], ["updated_at", "2018-12-20 00:48:03.565369"]]
  ↳ db/seeds.rb:14
  [1m[35m (13.3ms)[0m  [1m[36mcommit transaction[0m
  ↳ db/seeds.rb:14
  [1m[35m (0.1ms)[0m  [1m[36mbegin transaction[0m
  ↳ db/seeds.rb:14
  [1m[36mUser Create (0.5ms)[0m  [1m[32mINSERT INTO "users" ("name", "team_id", "created_at", "updated_at") VALUES (?, ?, ?, ?)[0m  [["name", "Herma Jaskolski"], ["team_id", 2], ["created_at", "2018-12-20 00:48:03.585435"], ["updated_at", "2018-12-20 00:48:03.585435"]]
  ↳ db/seeds.rb:14
  [1m[35m (9.2ms)[0m  [1m[36mcommit transaction[0m
  ↳ db/seeds.rb:14
  [1m[35m (0.1ms)[0m  [1m[36mbegin transaction[0m
  ↳ db/seeds.rb:14
  [1m[36mUser Create (0.4ms)[0m  [1m[32mINSERT INTO "users" ("name", "team_id", "created_at", "updated_at") VALUES (?, ?, ?, ?)[0m  [["name", "Ken Dietrich"], ["team_id", 2], ["created_at", "2018-12-20 00:48:03.600641"], ["updated_at", "2018-12-20 00:48:03.600641"]]
  ↳ db/seeds.rb:14
  [1m[35m (13.0ms)[0m  [1m[36mcommit transaction[0m
  ↳ db/seeds.rb:14
  [1m[35m (0.1ms)[0m  [1m[36mbegin transaction[0m
  ↳ db/seeds.rb:14
  [1m[36mUser Create (0.4ms)[0m  [1m[32mINSERT INTO "users" ("name", "team_id", "created_at", "updated_at") VALUES (?, ?, ?, ?)[0m  [["name", "Hee Green Sr."], ["team_id", 2], ["created_at", "2018-12-20 00:48:03.620253"], ["updated_at", "2018-12-20 00:48:03.620253"]]
  ↳ db/seeds.rb:14
  [1m[35m (14.2ms)[0m  [1m[36mcommit transaction[0m
  ↳ db/seeds.rb:14
  [1m[35m (0.1ms)[0m  [1m[36mbegin transaction[0m
  ↳ db/seeds.rb:14
  [1m[36mUser Create (0.4ms)[0m  [1m[32mINSERT INTO "users" ("name", "team_id", "created_at", "updated_at") VALUES (?, ?, ?, ?)[0m  [["name", "Chanelle Collier IV"], ["team_id", 2], ["created_at", "2018-12-20 00:48:03.640313"], ["updated_at", "2018-12-20 00:48:03.640313"]]
  ↳ db/seeds.rb:14
  [1m[35m (9.6ms)[0m  [1m[36mcommit transaction[0m
  ↳ db/seeds.rb:14
  [1m[35m (0.1ms)[0m  [1m[36mbegin transaction[0m
  ↳ db/seeds.rb:7
  [1m[36mTeam Create (0.4ms)[0m  [1m[32mINSERT INTO "teams" ("name", "sport", "created_at", "updated_at") VALUES (?, ?, ?, ?)[0m  [["name", "Delaware sons"], ["sport", "volley ball"], ["created_at", "2018-12-20 00:48:03.655780"], ["updated_at", "2018-12-20 00:48:03.655780"]]
  ↳ db/seeds.rb:7
  [1m[35m (15.9ms)[0m  [1m[36mcommit transaction[0m
  ↳ db/seeds.rb:7
  [1m[35m (0.1ms)[0m  [1m[36mbegin transaction[0m
  ↳ db/seeds.rb:14
  [1m[36mUser Create (0.5ms)[0m  [1m[32mINSERT INTO "users" ("name", "team_id", "created_at", "updated_at") VALUES (?, ?, ?, ?)[0m  [["name", "Wynell Schmidt"], ["team_id", 3], ["created_at", "2018-12-20 00:48:03.679675"], ["updated_at", "2018-12-20 00:48:03.679675"]]
  ↳ db/seeds.rb:14
  [1m[35m (14.9ms)[0m  [1m[36mcommit transaction[0m
  ↳ db/seeds.rb:14
  [1m[35m (0.1ms)[0m  [1m[36mbegin transaction[0m
  ↳ db/seeds.rb:14
  [1m[36mUser Create (0.5ms)[0m  [1m[32mINSERT INTO "users" ("name", "team_id", "created_at", "updated_at") VALUES (?, ?, ?, ?)[0m  [["name", "Shon Casper I"], ["team_id", 3], ["created_at", "2018-12-20 00:48:03.702174"], ["updated_at", "2018-12-20 00:48:03.702174"]]
  ↳ db/seeds.rb:14
  [1m[35m (9.9ms)[0m  [1m[36mcommit transaction[0m
  ↳ db/seeds.rb:14
  [1m[35m (0.1ms)[0m  [1m[36mbegin transaction[0m
  ↳ db/seeds.rb:14
  [1m[36mUser Create (0.5ms)[0m  [1m[32mINSERT INTO "users" ("name", "team_id", "created_at", "updated_at") VALUES (?, ?, ?, ?)[0m  [["name", "William Muller IV"], ["team_id", 3], ["created_at", "2018-12-20 00:48:03.719332"], ["updated_at", "2018-12-20 00:48:03.719332"]]
  ↳ db/seeds.rb:14
  [1m[35m (17.7ms)[0m  [1m[36mcommit transaction[0m
  ↳ db/seeds.rb:14
  [1m[35m (0.1ms)[0m  [1m[36mbegin transaction[0m
  ↳ db/seeds.rb:14
  [1m[36mUser Create (0.3ms)[0m  [1m[32mINSERT INTO "users" ("name", "team_id", "created_at", "updated_at") VALUES (?, ?, ?, ?)[0m  [["name", "Archie Larson"], ["team_id", 3], ["created_at", "2018-12-20 00:48:03.746077"], ["updated_at", "2018-12-20 00:48:03.746077"]]
  ↳ db/seeds.rb:14
  [1m[35m (15.8ms)[0m  [1m[36mcommit transaction[0m
  ↳ db/seeds.rb:14
  [1m[35m (0.1ms)[0m  [1m[36mbegin transaction[0m
  ↳ db/seeds.rb:14
  [1m[36mUser Create (0.4ms)[0m  [1m[32mINSERT INTO "users" ("name", "team_id", "created_at", "updated_at") VALUES (?, ?, ?, ?)[0m  [["name", "Latosha Bogisich"], ["team_id", 3], ["created_at", "2018-12-20 00:48:03.769132"], ["updated_at", "2018-12-20 00:48:03.769132"]]
  ↳ db/seeds.rb:14
  [1m[35m (17.4ms)[0m  [1m[36mcommit transaction[0m
  ↳ db/seeds.rb:14
  [1m[35m (0.1ms)[0m  [1m[34mSELECT "schema_migrations"."version" FROM "schema_migrations" ORDER BY "schema_migrations"."version" ASC[0m
  ↳ bin/rails:9
  [1m[36mTeam Load (0.2ms)[0m  [1m[34mSELECT "teams".* FROM "teams"[0m
  ↳ db/seeds.rb:2
  [1m[35m (0.1ms)[0m  [1m[36mbegin transaction[0m
  ↳ db/seeds.rb:2
  [1m[36mTeam Destroy (0.4ms)[0m  [1m[31mDELETE FROM "teams" WHERE "teams"."id" = ?[0m  [["id", 1]]
  ↳ db/seeds.rb:2
  [1m[35m (50.7ms)[0m  [1m[36mcommit transaction[0m
  ↳ db/seeds.rb:2
  [1m[35m (0.2ms)[0m  [1m[36mbegin transaction[0m
  ↳ db/seeds.rb:2
  [1m[36mTeam Destroy (0.6ms)[0m  [1m[31mDELETE FROM "teams" WHERE "teams"."id" = ?[0m  [["id", 2]]
  ↳ db/seeds.rb:2
  [1m[35m (50.7ms)[0m  [1m[36mcommit transaction[0m
  ↳ db/seeds.rb:2
  [1m[35m (0.2ms)[0m  [1m[36mbegin transaction[0m
  ↳ db/seeds.rb:2
  [1m[36mTeam Destroy (0.7ms)[0m  [1m[31mDELETE FROM "teams" WHERE "teams"."id" = ?[0m  [["id", 3]]
  ↳ db/seeds.rb:2
  [1m[35m (52.2ms)[0m  [1m[36mcommit transaction[0m
  ↳ db/seeds.rb:2
  [1m[36mUser Load (0.2ms)[0m  [1m[34mSELECT "users".* FROM "users"[0m
  ↳ db/seeds.rb:3
  [1m[35m (0.1ms)[0m  [1m[36mbegin transaction[0m
  ↳ db/seeds.rb:3
  [1m[36mUser Destroy (0.2ms)[0m  [1m[31mDELETE FROM "users" WHERE "users"."id" = ?[0m  [["id", 1]]
  ↳ db/seeds.rb:3
  [1m[35m (48.7ms)[0m  [1m[36mcommit transaction[0m
  ↳ db/seeds.rb:3
  [1m[35m (0.1ms)[0m  [1m[36mbegin transaction[0m
  ↳ db/seeds.rb:3
  [1m[36mUser Destroy (0.5ms)[0m  [1m[31mDELETE FROM "users" WHERE "users"."id" = ?[0m  [["id", 2]]
  ↳ db/seeds.rb:3
  [1m[35m (53.3ms)[0m  [1m[36mcommit transaction[0m
  ↳ db/seeds.rb:3
  [1m[35m (0.1ms)[0m  [1m[36mbegin transaction[0m
  ↳ db/seeds.rb:3
  [1m[36mUser Destroy (0.7ms)[0m  [1m[31mDELETE FROM "users" WHERE "users"."id" = ?[0m  [["id", 3]]
  ↳ db/seeds.rb:3
  [1m[35m (50.5ms)[0m  [1m[36mcommit transaction[0m
  ↳ db/seeds.rb:3
  [1m[35m (0.2ms)[0m  [1m[36mbegin transaction[0m
  ↳ db/seeds.rb:3
  [1m[36mUser Destroy (0.8ms)[0m  [1m[31mDELETE FROM "users" WHERE "users"."id" = ?[0m  [["id", 4]]
  ↳ db/seeds.rb:3
  [1m[35m (52.7ms)[0m  [1m[36mcommit transaction[0m
  ↳ db/seeds.rb:3
  [1m[35m (0.2ms)[0m  [1m[36mbegin transaction[0m
  ↳ db/seeds.rb:3
  [1m[36mUser Destroy (0.7ms)[0m  [1m[31mDELETE FROM "users" WHERE "users"."id" = ?[0m  [["id", 5]]
  ↳ db/seeds.rb:3
  [1m[35m (51.6ms)[0m  [1m[36mcommit transaction[0m
  ↳ db/seeds.rb:3
  [1m[35m (0.2ms)[0m  [1m[36mbegin transaction[0m
  ↳ db/seeds.rb:3
  [1m[36mUser Destroy (0.7ms)[0m  [1m[31mDELETE FROM "users" WHERE "users"."id" = ?[0m  [["id", 6]]
  ↳ db/seeds.rb:3
  [1m[35m (53.5ms)[0m  [1m[36mcommit transaction[0m
  ↳ db/seeds.rb:3
  [1m[35m (0.2ms)[0m  [1m[36mbegin transaction[0m
  ↳ db/seeds.rb:3
  [1m[36mUser Destroy (0.6ms)[0m  [1m[31mDELETE FROM "users" WHERE "users"."id" = ?[0m  [["id", 7]]
  ↳ db/seeds.rb:3
  [1m[35m (52.2ms)[0m  [1m[36mcommit transaction[0m
  ↳ db/seeds.rb:3
  [1m[35m (0.2ms)[0m  [1m[36mbegin transaction[0m
  ↳ db/seeds.rb:3
  [1m[36mUser Destroy (0.5ms)[0m  [1m[31mDELETE FROM "users" WHERE "users"."id" = ?[0m  [["id", 8]]
  ↳ db/seeds.rb:3
  [1m[35m (56.7ms)[0m  [1m[36mcommit transaction[0m
  ↳ db/seeds.rb:3
  [1m[35m (0.2ms)[0m  [1m[36mbegin transaction[0m
  ↳ db/seeds.rb:3
  [1m[36mUser Destroy (0.7ms)[0m  [1m[31mDELETE FROM "users" WHERE "users"."id" = ?[0m  [["id", 9]]
  ↳ db/seeds.rb:3
  [1m[35m (10.8ms)[0m  [1m[36mcommit transaction[0m
  ↳ db/seeds.rb:3
  [1m[35m (0.1ms)[0m  [1m[36mbegin transaction[0m
  ↳ db/seeds.rb:3
  [1m[36mUser Destroy (0.5ms)[0m  [1m[31mDELETE FROM "users" WHERE "users"."id" = ?[0m  [["id", 10]]
  ↳ db/seeds.rb:3
  [1m[35m (10.8ms)[0m  [1m[36mcommit transaction[0m
  ↳ db/seeds.rb:3
  [1m[35m (0.1ms)[0m  [1m[36mbegin transaction[0m
  ↳ db/seeds.rb:3
  [1m[36mUser Destroy (0.4ms)[0m  [1m[31mDELETE FROM "users" WHERE "users"."id" = ?[0m  [["id", 11]]
  ↳ db/seeds.rb:3
  [1m[35m (11.9ms)[0m  [1m[36mcommit transaction[0m
  ↳ db/seeds.rb:3
  [1m[35m (0.2ms)[0m  [1m[36mbegin transaction[0m
  ↳ db/seeds.rb:3
  [1m[36mUser Destroy (0.5ms)[0m  [1m[31mDELETE FROM "users" WHERE "users"."id" = ?[0m  [["id", 12]]
  ↳ db/seeds.rb:3
  [1m[35m (11.8ms)[0m  [1m[36mcommit transaction[0m
  ↳ db/seeds.rb:3
  [1m[35m (0.1ms)[0m  [1m[36mbegin transaction[0m
  ↳ db/seeds.rb:3
  [1m[36mUser Destroy (0.3ms)[0m  [1m[31mDELETE FROM "users" WHERE "users"."id" = ?[0m  [["id", 13]]
  ↳ db/seeds.rb:3
  [1m[35m (13.1ms)[0m  [1m[36mcommit transaction[0m
  ↳ db/seeds.rb:3
  [1m[35m (0.1ms)[0m  [1m[36mbegin transaction[0m
  ↳ db/seeds.rb:3
  [1m[36mUser Destroy (0.3ms)[0m  [1m[31mDELETE FROM "users" WHERE "users"."id" = ?[0m  [["id", 14]]
  ↳ db/seeds.rb:3
  [1m[35m (8.6ms)[0m  [1m[36mcommit transaction[0m
  ↳ db/seeds.rb:3
  [1m[35m (0.1ms)[0m  [1m[36mbegin transaction[0m
  ↳ db/seeds.rb:3
  [1m[36mUser Destroy (0.2ms)[0m  [1m[31mDELETE FROM "users" WHERE "users"."id" = ?[0m  [["id", 15]]
  ↳ db/seeds.rb:3
  [1m[35m (12.9ms)[0m  [1m[36mcommit transaction[0m
  ↳ db/seeds.rb:3
  [1m[35m (0.1ms)[0m  [1m[36mbegin transaction[0m
  ↳ db/seeds.rb:7
  [1m[36mTeam Create (0.6ms)[0m  [1m[32mINSERT INTO "teams" ("name", "sport", "created_at", "updated_at") VALUES (?, ?, ?, ?)[0m  [["name", "Mississippi rabbits"], ["sport", "hockey"], ["created_at", "2018-12-20 00:55:26.231852"], ["updated_at", "2018-12-20 00:55:26.231852"]]
  ↳ db/seeds.rb:7
  [1m[35m (16.8ms)[0m  [1m[36mcommit transaction[0m
  ↳ db/seeds.rb:7
  [1m[35m (0.1ms)[0m  [1m[36mbegin transaction[0m
  ↳ db/seeds.rb:14
  [1m[36mUser Create (0.4ms)[0m  [1m[32mINSERT INTO "users" ("name", "team_id", "created_at", "updated_at") VALUES (?, ?, ?, ?)[0m  [["name", "Jeffry Ankunding"], ["team_id", 4], ["created_at", "2018-12-20 00:55:26.263833"], ["updated_at", "2018-12-20 00:55:26.263833"]]
  ↳ db/seeds.rb:14
  [1m[35m (12.9ms)[0m  [1m[36mcommit transaction[0m
  ↳ db/seeds.rb:14
  [1m[35m (0.1ms)[0m  [1m[36mbegin transaction[0m
  ↳ db/seeds.rb:14
  [1m[36mUser Create (0.4ms)[0m  [1m[32mINSERT INTO "users" ("name", "team_id", "created_at", "updated_at") VALUES (?, ?, ?, ?)[0m  [["name", "Sammie Runolfsson"], ["team_id", 4], ["created_at", "2018-12-20 00:55:26.284028"], ["updated_at", "2018-12-20 00:55:26.284028"]]
  ↳ db/seeds.rb:14
  [1m[35m (13.3ms)[0m  [1m[36mcommit transaction[0m
  ↳ db/seeds.rb:14
  [1m[35m (0.1ms)[0m  [1m[36mbegin transaction[0m
  ↳ db/seeds.rb:14
  [1m[36mUser Create (0.4ms)[0m  [1m[32mINSERT INTO "users" ("name", "team_id", "created_at", "updated_at") VALUES (?, ?, ?, ?)[0m  [["name", "Azalee Weber"], ["team_id", 4], ["created_at", "2018-12-20 00:55:26.302275"], ["updated_at", "2018-12-20 00:55:26.302275"]]
  ↳ db/seeds.rb:14
  [1m[35m (11.1ms)[0m  [1m[36mcommit transaction[0m
  ↳ db/seeds.rb:14
  [1m[35m (0.1ms)[0m  [1m[36mbegin transaction[0m
  ↳ db/seeds.rb:14
  [1m[36mUser Create (0.4ms)[0m  [1m[32mINSERT INTO "users" ("name", "team_id", "created_at", "updated_at") VALUES (?, ?, ?, ?)[0m  [["name", "Ramona Will"], ["team_id", 4], ["created_at", "2018-12-20 00:55:26.319302"], ["updated_at", "2018-12-20 00:55:26.319302"]]
  ↳ db/seeds.rb:14
  [1m[35m (12.6ms)[0m  [1m[36mcommit transaction[0m
  ↳ db/seeds.rb:14
  [1m[35m (0.1ms)[0m  [1m[36mbegin transaction[0m
  ↳ db/seeds.rb:14
  [1m[36mUser Create (0.5ms)[0m  [1m[32mINSERT INTO "users" ("name", "team_id", "created_at", "updated_at") VALUES (?, ?, ?, ?)[0m  [["name", "Mose Bode"], ["team_id", 4], ["created_at", "2018-12-20 00:55:26.337308"], ["updated_at", "2018-12-20 00:55:26.337308"]]
  ↳ db/seeds.rb:14
  [1m[35m (15.6ms)[0m  [1m[36mcommit transaction[0m
  ↳ db/seeds.rb:14
  [1m[35m (0.1ms)[0m  [1m[36mbegin transaction[0m
  ↳ db/seeds.rb:7
  [1m[36mTeam Create (0.5ms)[0m  [1m[32mINSERT INTO "teams" ("name", "sport", "created_at", "updated_at") VALUES (?, ?, ?, ?)[0m  [["name", "Pennsylvania dolphins"], ["sport", "basketball"], ["created_at", "2018-12-20 00:55:26.362341"], ["updated_at", "2018-12-20 00:55:26.362341"]]
  ↳ db/seeds.rb:7
  [1m[35m (11.8ms)[0m  [1m[36mcommit transaction[0m
  ↳ db/seeds.rb:7
  [1m[35m (0.1ms)[0m  [1m[36mbegin transaction[0m
  ↳ db/seeds.rb:14
  [1m[36mUser Create (0.3ms)[0m  [1m[32mINSERT INTO "users" ("name", "team_id", "created_at", "updated_at") VALUES (?, ?, ?, ?)[0m  [["name", "Cameron Armstrong"], ["team_id", 5], ["created_at", "2018-12-20 00:55:26.379893"], ["updated_at", "2018-12-20 00:55:26.379893"]]
  ↳ db/seeds.rb:14
  [1m[35m (15.7ms)[0m  [1m[36mcommit transaction[0m
  ↳ db/seeds.rb:14
  [1m[35m (0.1ms)[0m  [1m[36mbegin transaction[0m
  ↳ db/seeds.rb:14
  [1m[36mUser Create (0.5ms)[0m  [1m[32mINSERT INTO "users" ("name", "team_id", "created_at", "updated_at") VALUES (?, ?, ?, ?)[0m  [["name", "Edmundo Mraz"], ["team_id", 5], ["created_at", "2018-12-20 00:55:26.401511"], ["updated_at", "2018-12-20 00:55:26.401511"]]
  ↳ db/seeds.rb:14
  [1m[35m (12.7ms)[0m  [1m[36mcommit transaction[0m
  ↳ db/seeds.rb:14
  [1m[35m (0.1ms)[0m  [1m[36mbegin transaction[0m
  ↳ db/seeds.rb:14
  [1m[36mUser Create (0.4ms)[0m  [1m[32mINSERT INTO "users" ("name", "team_id", "created_at", "updated_at") VALUES (?, ?, ?, ?)[0m  [["name", "Tess Bosco"], ["team_id", 5], ["created_at", "2018-12-20 00:55:26.421336"], ["updated_at", "2018-12-20 00:55:26.421336"]]
  ↳ db/seeds.rb:14
  [1m[35m (12.3ms)[0m  [1m[36mcommit transaction[0m
  ↳ db/seeds.rb:14
  [1m[35m (0.1ms)[0m  [1m[36mbegin transaction[0m
  ↳ db/seeds.rb:14
  [1m[36mUser Create (0.5ms)[0m  [1m[32mINSERT INTO "users" ("name", "team_id", "created_at", "updated_at") VALUES (?, ?, ?, ?)[0m  [["name", "Quentin Klein"], ["team_id", 5], ["created_at", "2018-12-20 00:55:26.440386"], ["updated_at", "2018-12-20 00:55:26.440386"]]
  ↳ db/seeds.rb:14
  [1m[35m (12.8ms)[0m  [1m[36mcommit transaction[0m
  ↳ db/seeds.rb:14
  [1m[35m (0.1ms)[0m  [1m[36mbegin transaction[0m
  ↳ db/seeds.rb:14
  [1m[36mUser Create (0.5ms)[0m  [1m[32mINSERT INTO "users" ("name", "team_id", "created_at", "updated_at") VALUES (?, ?, ?, ?)[0m  [["name", "Clarence Hane"], ["team_id", 5], ["created_at", "2018-12-20 00:55:26.461091"], ["updated_at", "2018-12-20 00:55:26.461091"]]
  ↳ db/seeds.rb:14
  [1m[35m (10.4ms)[0m  [1m[36mcommit transaction[0m
  ↳ db/seeds.rb:14
  [1m[35m (0.1ms)[0m  [1m[36mbegin transaction[0m
  ↳ db/seeds.rb:7
  [1m[36mTeam Create (0.3ms)[0m  [1m[32mINSERT INTO "teams" ("name", "sport", "created_at", "updated_at") VALUES (?, ?, ?, ?)[0m  [["name", "Tennessee bears"], ["sport", "oil wrestling"], ["created_at", "2018-12-20 00:55:26.477179"], ["updated_at", "2018-12-20 00:55:26.477179"]]
  ↳ db/seeds.rb:7
  [1m[35m (17.2ms)[0m  [1m[36mcommit transaction[0m
  ↳ db/seeds.rb:7
  [1m[35m (0.1ms)[0m  [1m[36mbegin transaction[0m
  ↳ db/seeds.rb:14
  [1m[36mUser Create (0.4ms)[0m  [1m[32mINSERT INTO "users" ("name", "team_id", "created_at", "updated_at") VALUES (?, ?, ?, ?)[0m  [["name", "Mr. Demetrius Morar"], ["team_id", 6], ["created_at", "2018-12-20 00:55:26.502315"], ["updated_at", "2018-12-20 00:55:26.502315"]]
  ↳ db/seeds.rb:14
  [1m[35m (10.6ms)[0m  [1m[36mcommit transaction[0m
  ↳ db/seeds.rb:14
  [1m[35m (0.1ms)[0m  [1m[36mbegin transaction[0m
  ↳ db/seeds.rb:14
  [1m[36mUser Create (0.3ms)[0m  [1m[32mINSERT INTO "users" ("name", "team_id", "created_at", "updated_at") VALUES (?, ?, ?, ?)[0m  [["name", "Miss Wilton Berge"], ["team_id", 6], ["created_at", "2018-12-20 00:55:26.519682"], ["updated_at", "2018-12-20 00:55:26.519682"]]
  ↳ db/seeds.rb:14
  [1m[35m (11.8ms)[0m  [1m[36mcommit transaction[0m
  ↳ db/seeds.rb:14
  [1m[35m (0.1ms)[0m  [1m[36mbegin transaction[0m
  ↳ db/seeds.rb:14
  [1m[36mUser Create (0.5ms)[0m  [1m[32mINSERT INTO "users" ("name", "team_id", "created_at", "updated_at") VALUES (?, ?, ?, ?)[0m  [["name", "Micheal Schuster"], ["team_id", 6], ["created_at", "2018-12-20 00:55:26.537842"], ["updated_at", "2018-12-20 00:55:26.537842"]]
  ↳ db/seeds.rb:14
  [1m[35m (15.3ms)[0m  [1m[36mcommit transaction[0m
  ↳ db/seeds.rb:14
  [1m[35m (0.1ms)[0m  [1m[36mbegin transaction[0m
  ↳ db/seeds.rb:14
  [1m[36mUser Create (0.2ms)[0m  [1m[32mINSERT INTO "users" ("name", "team_id", "created_at", "updated_at") VALUES (?, ?, ?, ?)[0m  [["name", "Arnette Miller"], ["team_id", 6], ["created_at", "2018-12-20 00:55:26.558267"], ["updated_at", "2018-12-20 00:55:26.558267"]]
  ↳ db/seeds.rb:14
  [1m[35m (11.2ms)[0m  [1m[36mcommit transaction[0m
  ↳ db/seeds.rb:14
  [1m[35m (0.1ms)[0m  [1m[36mbegin transaction[0m
  ↳ db/seeds.rb:14
  [1m[36mUser Create (1.2ms)[0m  [1m[32mINSERT INTO "users" ("name", "team_id", "created_at", "updated_at") VALUES (?, ?, ?, ?)[0m  [["name", "Jeremy Nolan"], ["team_id", 6], ["created_at", "2018-12-20 00:55:26.577321"], ["updated_at", "2018-12-20 00:55:26.577321"]]
  ↳ db/seeds.rb:14
  [1m[35m (14.7ms)[0m  [1m[36mcommit transaction[0m
  ↳ db/seeds.rb:14
  [1m[36mTeam Load (0.2ms)[0m  [1m[34mSELECT  "teams".* FROM "teams" ORDER BY "teams"."id" DESC LIMIT ?[0m  [["LIMIT", 1]]
  [1m[35m (0.4ms)[0m  [1m[34mSELECT COUNT(*) FROM "teams"[0m
  [1m[35m (0.1ms)[0m  [1m[34mSELECT "schema_migrations"."version" FROM "schema_migrations" ORDER BY "schema_migrations"."version" ASC[0m
  ↳ bin/rails:9
  [1m[36mTeam Load (0.2ms)[0m  [1m[34mSELECT "teams".* FROM "teams"[0m
  ↳ db/seeds.rb:2
  [1m[35m (0.1ms)[0m  [1m[36mbegin transaction[0m
  ↳ db/seeds.rb:2
  [1m[36mTeam Destroy (0.4ms)[0m  [1m[31mDELETE FROM "teams" WHERE "teams"."id" = ?[0m  [["id", 4]]
  ↳ db/seeds.rb:2
  [1m[35m (13.4ms)[0m  [1m[36mcommit transaction[0m
  ↳ db/seeds.rb:2
  [1m[35m (0.1ms)[0m  [1m[36mbegin transaction[0m
  ↳ db/seeds.rb:2
  [1m[36mTeam Destroy (0.4ms)[0m  [1m[31mDELETE FROM "teams" WHERE "teams"."id" = ?[0m  [["id", 5]]
  ↳ db/seeds.rb:2
  [1m[35m (12.8ms)[0m  [1m[36mcommit transaction[0m
  ↳ db/seeds.rb:2
  [1m[35m (0.1ms)[0m  [1m[36mbegin transaction[0m
  ↳ db/seeds.rb:2
  [1m[36mTeam Destroy (0.3ms)[0m  [1m[31mDELETE FROM "teams" WHERE "teams"."id" = ?[0m  [["id", 6]]
  ↳ db/seeds.rb:2
  [1m[35m (10.7ms)[0m  [1m[36mcommit transaction[0m
  ↳ db/seeds.rb:2
  [1m[36mUser Load (0.4ms)[0m  [1m[34mSELECT "users".* FROM "users"[0m
  ↳ db/seeds.rb:3
  [1m[35m (0.1ms)[0m  [1m[36mbegin transaction[0m
  ↳ db/seeds.rb:3
  [1m[36mUser Destroy (0.3ms)[0m  [1m[31mDELETE FROM "users" WHERE "users"."id" = ?[0m  [["id", 16]]
  ↳ db/seeds.rb:3
  [1m[35m (13.9ms)[0m  [1m[36mcommit transaction[0m
  ↳ db/seeds.rb:3
  [1m[35m (0.1ms)[0m  [1m[36mbegin transaction[0m
  ↳ db/seeds.rb:3
  [1m[36mUser Destroy (0.5ms)[0m  [1m[31mDELETE FROM "users" WHERE "users"."id" = ?[0m  [["id", 17]]
  ↳ db/seeds.rb:3
  [1m[35m (6.3ms)[0m  [1m[36mcommit transaction[0m
  ↳ db/seeds.rb:3
  [1m[35m (0.1ms)[0m  [1m[36mbegin transaction[0m
  ↳ db/seeds.rb:3
  [1m[36mUser Destroy (0.2ms)[0m  [1m[31mDELETE FROM "users" WHERE "users"."id" = ?[0m  [["id", 18]]
  ↳ db/seeds.rb:3
  [1m[35m (14.4ms)[0m  [1m[36mcommit transaction[0m
  ↳ db/seeds.rb:3
  [1m[35m (0.1ms)[0m  [1m[36mbegin transaction[0m
  ↳ db/seeds.rb:3
  [1m[36mUser Destroy (0.4ms)[0m  [1m[31mDELETE FROM "users" WHERE "users"."id" = ?[0m  [["id", 19]]
  ↳ db/seeds.rb:3
  [1m[35m (6.4ms)[0m  [1m[36mcommit transaction[0m
  ↳ db/seeds.rb:3
  [1m[35m (0.1ms)[0m  [1m[36mbegin transaction[0m
  ↳ db/seeds.rb:3
  [1m[36mUser Destroy (0.2ms)[0m  [1m[31mDELETE FROM "users" WHERE "users"."id" = ?[0m  [["id", 20]]
  ↳ db/seeds.rb:3
  [1m[35m (12.5ms)[0m  [1m[36mcommit transaction[0m
  ↳ db/seeds.rb:3
  [1m[35m (0.1ms)[0m  [1m[36mbegin transaction[0m
  ↳ db/seeds.rb:3
  [1m[36mUser Destroy (0.4ms)[0m  [1m[31mDELETE FROM "users" WHERE "users"."id" = ?[0m  [["id", 21]]
  ↳ db/seeds.rb:3
  [1m[35m (6.2ms)[0m  [1m[36mcommit transaction[0m
  ↳ db/seeds.rb:3
  [1m[35m (0.1ms)[0m  [1m[36mbegin transaction[0m
  ↳ db/seeds.rb:3
  [1m[36mUser Destroy (0.3ms)[0m  [1m[31mDELETE FROM "users" WHERE "users"."id" = ?[0m  [["id", 22]]
  ↳ db/seeds.rb:3
  [1m[35m (12.3ms)[0m  [1m[36mcommit transaction[0m
  ↳ db/seeds.rb:3
  [1m[35m (0.1ms)[0m  [1m[36mbegin transaction[0m
  ↳ db/seeds.rb:3
  [1m[36mUser Destroy (0.3ms)[0m  [1m[31mDELETE FROM "users" WHERE "users"."id" = ?[0m  [["id", 23]]
  ↳ db/seeds.rb:3
  [1m[35m (7.3ms)[0m  [1m[36mcommit transaction[0m
  ↳ db/seeds.rb:3
  [1m[35m (0.1ms)[0m  [1m[36mbegin transaction[0m
  ↳ db/seeds.rb:3
  [1m[36mUser Destroy (0.3ms)[0m  [1m[31mDELETE FROM "users" WHERE "users"."id" = ?[0m  [["id", 24]]
  ↳ db/seeds.rb:3
  [1m[35m (15.4ms)[0m  [1m[36mcommit transaction[0m
  ↳ db/seeds.rb:3
  [1m[35m (0.1ms)[0m  [1m[36mbegin transaction[0m
  ↳ db/seeds.rb:3
  [1m[36mUser Destroy (0.4ms)[0m  [1m[31mDELETE FROM "users" WHERE "users"."id" = ?[0m  [["id", 25]]
  ↳ db/seeds.rb:3
  [1m[35m (8.5ms)[0m  [1m[36mcommit transaction[0m
  ↳ db/seeds.rb:3
  [1m[35m (0.1ms)[0m  [1m[36mbegin transaction[0m
  ↳ db/seeds.rb:3
  [1m[36mUser Destroy (0.2ms)[0m  [1m[31mDELETE FROM "users" WHERE "users"."id" = ?[0m  [["id", 26]]
  ↳ db/seeds.rb:3
  [1m[35m (12.4ms)[0m  [1m[36mcommit transaction[0m
  ↳ db/seeds.rb:3
  [1m[35m (0.1ms)[0m  [1m[36mbegin transaction[0m
  ↳ db/seeds.rb:3
  [1m[36mUser Destroy (0.3ms)[0m  [1m[31mDELETE FROM "users" WHERE "users"."id" = ?[0m  [["id", 27]]
  ↳ db/seeds.rb:3
  [1m[35m (9.6ms)[0m  [1m[36mcommit transaction[0m
  ↳ db/seeds.rb:3
  [1m[35m (0.1ms)[0m  [1m[36mbegin transaction[0m
  ↳ db/seeds.rb:3
  [1m[36mUser Destroy (0.3ms)[0m  [1m[31mDELETE FROM "users" WHERE "users"."id" = ?[0m  [["id", 28]]
  ↳ db/seeds.rb:3
  [1m[35m (12.6ms)[0m  [1m[36mcommit transaction[0m
  ↳ db/seeds.rb:3
  [1m[35m (0.1ms)[0m  [1m[36mbegin transaction[0m
  ↳ db/seeds.rb:3
  [1m[36mUser Destroy (0.4ms)[0m  [1m[31mDELETE FROM "users" WHERE "users"."id" = ?[0m  [["id", 29]]
  ↳ db/seeds.rb:3
  [1m[35m (10.8ms)[0m  [1m[36mcommit transaction[0m
  ↳ db/seeds.rb:3
  [1m[35m (0.1ms)[0m  [1m[36mbegin transaction[0m
  ↳ db/seeds.rb:3
  [1m[36mUser Destroy (0.3ms)[0m  [1m[31mDELETE FROM "users" WHERE "users"."id" = ?[0m  [["id", 30]]
  ↳ db/seeds.rb:3
  [1m[35m (8.5ms)[0m  [1m[36mcommit transaction[0m
  ↳ db/seeds.rb:3
  [1m[35m (0.1ms)[0m  [1m[36mbegin transaction[0m
  ↳ db/seeds.rb:7
  [1m[36mTeam Create (0.3ms)[0m  [1m[32mINSERT INTO "teams" ("name", "sport", "created_at", "updated_at") VALUES (?, ?, ?, ?)[0m  [["name", "Ohio elephants"], ["sport", "association"], ["created_at", "2018-12-20 00:58:30.025726"], ["updated_at", "2018-12-20 00:58:30.025726"]]
  ↳ db/seeds.rb:7
  [1m[35m (15.6ms)[0m  [1m[36mcommit transaction[0m
  ↳ db/seeds.rb:7
  [1m[35m (0.1ms)[0m  [1m[36mbegin transaction[0m
  ↳ db/seeds.rb:14
  [1m[36mUser Create (0.4ms)[0m  [1m[32mINSERT INTO "users" ("name", "team_id", "created_at", "updated_at") VALUES (?, ?, ?, ?)[0m  [["name", "Earlie Welch"], ["team_id", 7], ["created_at", "2018-12-20 00:58:30.050967"], ["updated_at", "2018-12-20 00:58:30.050967"]]
  ↳ db/seeds.rb:14
  [1m[35m (11.6ms)[0m  [1m[36mcommit transaction[0m
  ↳ db/seeds.rb:14
  [1m[35m (0.1ms)[0m  [1m[36mbegin transaction[0m
  ↳ db/seeds.rb:14
  [1m[36mUser Create (0.3ms)[0m  [1m[32mINSERT INTO "users" ("name", "team_id", "created_at", "updated_at") VALUES (?, ?, ?, ?)[0m  [["name", "Blake Howell"], ["team_id", 7], ["created_at", "2018-12-20 00:58:30.067634"], ["updated_at", "2018-12-20 00:58:30.067634"]]
  ↳ db/seeds.rb:14
  [1m[35m (15.8ms)[0m  [1m[36mcommit transaction[0m
  ↳ db/seeds.rb:14
  [1m[35m (0.2ms)[0m  [1m[36mbegin transaction[0m
  ↳ db/seeds.rb:14
  [1m[36mUser Create (0.4ms)[0m  [1m[32mINSERT INTO "users" ("name", "team_id", "created_at", "updated_at") VALUES (?, ?, ?, ?)[0m  [["name", "Conchita Fisher"], ["team_id", 7], ["created_at", "2018-12-20 00:58:30.089741"], ["updated_at", "2018-12-20 00:58:30.089741"]]
  ↳ db/seeds.rb:14
  [1m[35m (12.9ms)[0m  [1m[36mcommit transaction[0m
  ↳ db/seeds.rb:14
  [1m[35m (0.1ms)[0m  [1m[36mbegin transaction[0m
  ↳ db/seeds.rb:14
  [1m[36mUser Create (0.5ms)[0m  [1m[32mINSERT INTO "users" ("name", "team_id", "created_at", "updated_at") VALUES (?, ?, ?, ?)[0m  [["name", "Chase Schuster"], ["team_id", 7], ["created_at", "2018-12-20 00:58:30.108672"], ["updated_at", "2018-12-20 00:58:30.108672"]]
  ↳ db/seeds.rb:14
  [1m[35m (12.9ms)[0m  [1m[36mcommit transaction[0m
  ↳ db/seeds.rb:14
  [1m[35m (0.1ms)[0m  [1m[36mbegin transaction[0m
  ↳ db/seeds.rb:14
  [1m[36mUser Create (0.5ms)[0m  [1m[32mINSERT INTO "users" ("name", "team_id", "created_at", "updated_at") VALUES (?, ?, ?, ?)[0m  [["name", "Ms. Kasey Schmidt"], ["team_id", 7], ["created_at", "2018-12-20 00:58:30.128349"], ["updated_at", "2018-12-20 00:58:30.128349"]]
  ↳ db/seeds.rb:14
  [1m[35m (14.4ms)[0m  [1m[36mcommit transaction[0m
  ↳ db/seeds.rb:14
  [1m[35m (0.1ms)[0m  [1m[36mbegin transaction[0m
  ↳ db/seeds.rb:7
  [1m[36mTeam Create (0.4ms)[0m  [1m[32mINSERT INTO "teams" ("name", "sport", "created_at", "updated_at") VALUES (?, ?, ?, ?)[0m  [["name", "Idaho ogres"], ["sport", "bandy"], ["created_at", "2018-12-20 00:58:30.156755"], ["updated_at", "2018-12-20 00:58:30.156755"]]
  ↳ db/seeds.rb:7
  [1m[35m (11.4ms)[0m  [1m[36mcommit transaction[0m
  ↳ db/seeds.rb:7
  [1m[35m (0.1ms)[0m  [1m[36mbegin transaction[0m
  ↳ db/seeds.rb:14
  [1m[36mUser Create (0.5ms)[0m  [1m[32mINSERT INTO "users" ("name", "team_id", "created_at", "updated_at") VALUES (?, ?, ?, ?)[0m  [["name", "Mr. Kenton Nitzsche"], ["team_id", 8], ["created_at", "2018-12-20 00:58:30.176893"], ["updated_at", "2018-12-20 00:58:30.176893"]]
  ↳ db/seeds.rb:14
  [1m[35m (15.2ms)[0m  [1m[36mcommit transaction[0m
  ↳ db/seeds.rb:14
  [1m[35m (0.1ms)[0m  [1m[36mbegin transaction[0m
  ↳ db/seeds.rb:14
  [1m[36mUser Create (0.5ms)[0m  [1m[32mINSERT INTO "users" ("name", "team_id", "created_at", "updated_at") VALUES (?, ?, ?, ?)[0m  [["name", "Gonzalo Funk"], ["team_id", 8], ["created_at", "2018-12-20 00:58:30.201340"], ["updated_at", "2018-12-20 00:58:30.201340"]]
  ↳ db/seeds.rb:14
  [1m[35m (13.7ms)[0m  [1m[36mcommit transaction[0m
  ↳ db/seeds.rb:14
  [1m[35m (0.1ms)[0m  [1m[36mbegin transaction[0m
  ↳ db/seeds.rb:14
  [1m[36mUser Create (0.5ms)[0m  [1m[32mINSERT INTO "users" ("name", "team_id", "created_at", "updated_at") VALUES (?, ?, ?, ?)[0m  [["name", "Mrs. Stephen Emard"], ["team_id", 8], ["created_at", "2018-12-20 00:58:30.230922"], ["updated_at", "2018-12-20 00:58:30.230922"]]
  ↳ db/seeds.rb:14
  [1m[35m (15.7ms)[0m  [1m[36mcommit transaction[0m
  ↳ db/seeds.rb:14
  [1m[35m (0.1ms)[0m  [1m[36mbegin transaction[0m
  ↳ db/seeds.rb:14
  [1m[36mUser Create (0.5ms)[0m  [1m[32mINSERT INTO "users" ("name", "team_id", "created_at", "updated_at") VALUES (?, ?, ?, ?)[0m  [["name", "Mr. Marc Keeling"], ["team_id", 8], ["created_at", "2018-12-20 00:58:30.254767"], ["updated_at", "2018-12-20 00:58:30.254767"]]
  ↳ db/seeds.rb:14
  [1m[35m (16.4ms)[0m  [1m[36mcommit transaction[0m
  ↳ db/seeds.rb:14
  [1m[35m (0.1ms)[0m  [1m[36mbegin transaction[0m
  ↳ db/seeds.rb:14
  [1m[36mUser Create (0.6ms)[0m  [1m[32mINSERT INTO "users" ("name", "team_id", "created_at", "updated_at") VALUES (?, ?, ?, ?)[0m  [["name", "Dr. Dick Simonis"], ["team_id", 8], ["created_at", "2018-12-20 00:58:30.279176"], ["updated_at", "2018-12-20 00:58:30.279176"]]
  ↳ db/seeds.rb:14
  [1m[35m (14.7ms)[0m  [1m[36mcommit transaction[0m
  ↳ db/seeds.rb:14
  [1m[35m (0.1ms)[0m  [1m[36mbegin transaction[0m
  ↳ db/seeds.rb:7
  [1m[36mTeam Create (0.5ms)[0m  [1m[32mINSERT INTO "teams" ("name", "sport", "created_at", "updated_at") VALUES (?, ?, ?, ?)[0m  [["name", "Connecticut foes"], ["sport", "water polo"], ["created_at", "2018-12-20 00:58:30.300566"], ["updated_at", "2018-12-20 00:58:30.300566"]]
  ↳ db/seeds.rb:7
  [1m[35m (12.8ms)[0m  [1m[36mcommit transaction[0m
  ↳ db/seeds.rb:7
  [1m[35m (0.1ms)[0m  [1m[36mbegin transaction[0m
  ↳ db/seeds.rb:14
  [1m[36mUser Create (0.5ms)[0m  [1m[32mINSERT INTO "users" ("name", "team_id", "created_at", "updated_at") VALUES (?, ?, ?, ?)[0m  [["name", "Charlie Schaden"], ["team_id", 9], ["created_at", "2018-12-20 00:58:30.321674"], ["updated_at", "2018-12-20 00:58:30.321674"]]
  ↳ db/seeds.rb:14
  [1m[35m (15.3ms)[0m  [1m[36mcommit transaction[0m
  ↳ db/seeds.rb:14
  [1m[35m (0.1ms)[0m  [1m[36mbegin transaction[0m
  ↳ db/seeds.rb:14
  [1m[36mUser Create (0.5ms)[0m  [1m[32mINSERT INTO "users" ("name", "team_id", "created_at", "updated_at") VALUES (?, ?, ?, ?)[0m  [["name", "Tiffaney Rodriguez"], ["team_id", 9], ["created_at", "2018-12-20 00:58:30.344969"], ["updated_at", "2018-12-20 00:58:30.344969"]]
  ↳ db/seeds.rb:14
  [1m[35m (12.5ms)[0m  [1m[36mcommit transaction[0m
  ↳ db/seeds.rb:14
  [1m[35m (0.1ms)[0m  [1m[36mbegin transaction[0m
  ↳ db/seeds.rb:14
  [1m[36mUser Create (0.4ms)[0m  [1m[32mINSERT INTO "users" ("name", "team_id", "created_at", "updated_at") VALUES (?, ?, ?, ?)[0m  [["name", "Jamar Greenfelder Jr."], ["team_id", 9], ["created_at", "2018-12-20 00:58:30.363670"], ["updated_at", "2018-12-20 00:58:30.363670"]]
  ↳ db/seeds.rb:14
  [1m[35m (13.9ms)[0m  [1m[36mcommit transaction[0m
  ↳ db/seeds.rb:14
  [1m[35m (0.1ms)[0m  [1m[36mbegin transaction[0m
  ↳ db/seeds.rb:14
  [1m[36mUser Create (0.4ms)[0m  [1m[32mINSERT INTO "users" ("name", "team_id", "created_at", "updated_at") VALUES (?, ?, ?, ?)[0m  [["name", "Jannette Green"], ["team_id", 9], ["created_at", "2018-12-20 00:58:30.384119"], ["updated_at", "2018-12-20 00:58:30.384119"]]
  ↳ db/seeds.rb:14
  [1m[35m (13.1ms)[0m  [1m[36mcommit transaction[0m
  ↳ db/seeds.rb:14
  [1m[35m (0.1ms)[0m  [1m[36mbegin transaction[0m
  ↳ db/seeds.rb:14
  [1m[36mUser Create (0.5ms)[0m  [1m[32mINSERT INTO "users" ("name", "team_id", "created_at", "updated_at") VALUES (?, ?, ?, ?)[0m  [["name", "Ms. Kiana Jacobs"], ["team_id", 9], ["created_at", "2018-12-20 00:58:30.403754"], ["updated_at", "2018-12-20 00:58:30.403754"]]
  ↳ db/seeds.rb:14
  [1m[35m (10.0ms)[0m  [1m[36mcommit transaction[0m
  ↳ db/seeds.rb:14
  [1m[35m (0.2ms)[0m  [1m[34mSELECT COUNT(*) FROM "teams"[0m
  [1m[35m (0.1ms)[0m  [1m[34mSELECT "schema_migrations"."version" FROM "schema_migrations" ORDER BY "schema_migrations"."version" ASC[0m
  ↳ bin/rails:9
  [1m[36mTeam Load (0.2ms)[0m  [1m[34mSELECT "teams".* FROM "teams"[0m
  ↳ db/seeds.rb:2
  [1m[35m (0.1ms)[0m  [1m[36mbegin transaction[0m
  ↳ db/seeds.rb:2
  [1m[36mTeam Destroy (0.3ms)[0m  [1m[31mDELETE FROM "teams" WHERE "teams"."id" = ?[0m  [["id", 7]]
  ↳ db/seeds.rb:2
  [1m[35m (52.1ms)[0m  [1m[36mcommit transaction[0m
  ↳ db/seeds.rb:2
  [1m[35m (0.2ms)[0m  [1m[36mbegin transaction[0m
  ↳ db/seeds.rb:2
  [1m[36mTeam Destroy (0.7ms)[0m  [1m[31mDELETE FROM "teams" WHERE "teams"."id" = ?[0m  [["id", 8]]
  ↳ db/seeds.rb:2
  [1m[35m (48.2ms)[0m  [1m[36mcommit transaction[0m
  ↳ db/seeds.rb:2
  [1m[35m (0.2ms)[0m  [1m[36mbegin transaction[0m
  ↳ db/seeds.rb:2
  [1m[36mTeam Destroy (0.6ms)[0m  [1m[31mDELETE FROM "teams" WHERE "teams"."id" = ?[0m  [["id", 9]]
  ↳ db/seeds.rb:2
  [1m[35m (49.6ms)[0m  [1m[36mcommit transaction[0m
  ↳ db/seeds.rb:2
  [1m[36mUser Load (0.6ms)[0m  [1m[34mSELECT "users".* FROM "users"[0m
  ↳ db/seeds.rb:3
  [1m[35m (0.1ms)[0m  [1m[36mbegin transaction[0m
  ↳ db/seeds.rb:3
  [1m[36mUser Destroy (0.3ms)[0m  [1m[31mDELETE FROM "users" WHERE "users"."id" = ?[0m  [["id", 31]]
  ↳ db/seeds.rb:3
  [1m[35m (9.6ms)[0m  [1m[36mcommit transaction[0m
  ↳ db/seeds.rb:3
  [1m[35m (0.1ms)[0m  [1m[36mbegin transaction[0m
  ↳ db/seeds.rb:3
  [1m[36mUser Destroy (0.3ms)[0m  [1m[31mDELETE FROM "users" WHERE "users"."id" = ?[0m  [["id", 32]]
  ↳ db/seeds.rb:3
  [1m[35m (15.4ms)[0m  [1m[36mcommit transaction[0m
  ↳ db/seeds.rb:3
  [1m[35m (0.1ms)[0m  [1m[36mbegin transaction[0m
  ↳ db/seeds.rb:3
  [1m[36mUser Destroy (0.4ms)[0m  [1m[31mDELETE FROM "users" WHERE "users"."id" = ?[0m  [["id", 33]]
  ↳ db/seeds.rb:3
  [1m[35m (6.5ms)[0m  [1m[36mcommit transaction[0m
  ↳ db/seeds.rb:3
  [1m[35m (0.1ms)[0m  [1m[36mbegin transaction[0m
  ↳ db/seeds.rb:3
  [1m[36mUser Destroy (0.2ms)[0m  [1m[31mDELETE FROM "users" WHERE "users"."id" = ?[0m  [["id", 34]]
  ↳ db/seeds.rb:3
  [1m[35m (14.3ms)[0m  [1m[36mcommit transaction[0m
  ↳ db/seeds.rb:3
  [1m[35m (0.1ms)[0m  [1m[36mbegin transaction[0m
  ↳ db/seeds.rb:3
  [1m[36mUser Destroy (0.5ms)[0m  [1m[31mDELETE FROM "users" WHERE "users"."id" = ?[0m  [["id", 35]]
  ↳ db/seeds.rb:3
  [1m[35m (8.9ms)[0m  [1m[36mcommit transaction[0m
  ↳ db/seeds.rb:3
  [1m[35m (0.1ms)[0m  [1m[36mbegin transaction[0m
  ↳ db/seeds.rb:3
  [1m[36mUser Destroy (0.3ms)[0m  [1m[31mDELETE FROM "users" WHERE "users"."id" = ?[0m  [["id", 36]]
  ↳ db/seeds.rb:3
  [1m[35m (16.3ms)[0m  [1m[36mcommit transaction[0m
  ↳ db/seeds.rb:3
  [1m[35m (0.1ms)[0m  [1m[36mbegin transaction[0m
  ↳ db/seeds.rb:3
  [1m[36mUser Destroy (0.3ms)[0m  [1m[31mDELETE FROM "users" WHERE "users"."id" = ?[0m  [["id", 37]]
  ↳ db/seeds.rb:3
  [1m[35m (10.0ms)[0m  [1m[36mcommit transaction[0m
  ↳ db/seeds.rb:3
  [1m[35m (0.1ms)[0m  [1m[36mbegin transaction[0m
  ↳ db/seeds.rb:3
  [1m[36mUser Destroy (0.3ms)[0m  [1m[31mDELETE FROM "users" WHERE "users"."id" = ?[0m  [["id", 38]]
  ↳ db/seeds.rb:3
  [1m[35m (10.0ms)[0m  [1m[36mcommit transaction[0m
  ↳ db/seeds.rb:3
  [1m[35m (0.1ms)[0m  [1m[36mbegin transaction[0m
  ↳ db/seeds.rb:3
  [1m[36mUser Destroy (0.3ms)[0m  [1m[31mDELETE FROM "users" WHERE "users"."id" = ?[0m  [["id", 39]]
  ↳ db/seeds.rb:3
  [1m[35m (12.1ms)[0m  [1m[36mcommit transaction[0m
  ↳ db/seeds.rb:3
  [1m[35m (0.1ms)[0m  [1m[36mbegin transaction[0m
  ↳ db/seeds.rb:3
  [1m[36mUser Destroy (0.3ms)[0m  [1m[31mDELETE FROM "users" WHERE "users"."id" = ?[0m  [["id", 40]]
  ↳ db/seeds.rb:3
  [1m[35m (9.5ms)[0m  [1m[36mcommit transaction[0m
  ↳ db/seeds.rb:3
  [1m[35m (0.1ms)[0m  [1m[36mbegin transaction[0m
  ↳ db/seeds.rb:3
  [1m[36mUser Destroy (0.3ms)[0m  [1m[31mDELETE FROM "users" WHERE "users"."id" = ?[0m  [["id", 41]]
  ↳ db/seeds.rb:3
  [1m[35m (12.0ms)[0m  [1m[36mcommit transaction[0m
  ↳ db/seeds.rb:3
  [1m[35m (0.1ms)[0m  [1m[36mbegin transaction[0m
  ↳ db/seeds.rb:3
  [1m[36mUser Destroy (0.3ms)[0m  [1m[31mDELETE FROM "users" WHERE "users"."id" = ?[0m  [["id", 42]]
  ↳ db/seeds.rb:3
  [1m[35m (7.3ms)[0m  [1m[36mcommit transaction[0m
  ↳ db/seeds.rb:3
  [1m[35m (0.1ms)[0m  [1m[36mbegin transaction[0m
  ↳ db/seeds.rb:3
  [1m[36mUser Destroy (0.3ms)[0m  [1m[31mDELETE FROM "users" WHERE "users"."id" = ?[0m  [["id", 43]]
  ↳ db/seeds.rb:3
  [1m[35m (12.4ms)[0m  [1m[36mcommit transaction[0m
  ↳ db/seeds.rb:3
  [1m[35m (0.1ms)[0m  [1m[36mbegin transaction[0m
  ↳ db/seeds.rb:3
  [1m[36mUser Destroy (0.4ms)[0m  [1m[31mDELETE FROM "users" WHERE "users"."id" = ?[0m  [["id", 44]]
  ↳ db/seeds.rb:3
  [1m[35m (9.9ms)[0m  [1m[36mcommit transaction[0m
  ↳ db/seeds.rb:3
  [1m[35m (0.1ms)[0m  [1m[36mbegin transaction[0m
  ↳ db/seeds.rb:3
  [1m[36mUser Destroy (0.4ms)[0m  [1m[31mDELETE FROM "users" WHERE "users"."id" = ?[0m  [["id", 45]]
  ↳ db/seeds.rb:3
  [1m[35m (10.5ms)[0m  [1m[36mcommit transaction[0m
  ↳ db/seeds.rb:3
  [1m[35m (0.1ms)[0m  [1m[34mSELECT COUNT(*) FROM "teams"[0m
  [1m[35m (0.1ms)[0m  [1m[34mSELECT "schema_migrations"."version" FROM "schema_migrations" ORDER BY "schema_migrations"."version" ASC[0m
  ↳ bin/rails:9
  [1m[36mTeam Load (0.2ms)[0m  [1m[34mSELECT "teams".* FROM "teams"[0m
  ↳ db/seeds.rb:2
  [1m[36mUser Load (0.2ms)[0m  [1m[34mSELECT "users".* FROM "users"[0m
  ↳ db/seeds.rb:3
  [1m[35m (0.1ms)[0m  [1m[36mbegin transaction[0m
  ↳ db/seeds.rb:7
  [1m[36mTeam Create (0.3ms)[0m  [1m[32mINSERT INTO "teams" ("name", "sport", "created_at", "updated_at") VALUES (?, ?, ?, ?)[0m  [["name", "South Dakota zombies"], ["sport", "archery"], ["created_at", "2018-12-20 01:02:19.651116"], ["updated_at", "2018-12-20 01:02:19.651116"]]
  ↳ db/seeds.rb:7
  [1m[35m (7.7ms)[0m  [1m[36mcommit transaction[0m
  ↳ db/seeds.rb:7
  [1m[35m (0.1ms)[0m  [1m[36mbegin transaction[0m
  ↳ db/seeds.rb:14
  [1m[36mUser Create (0.3ms)[0m  [1m[32mINSERT INTO "users" ("name", "team_id", "created_at", "updated_at") VALUES (?, ?, ?, ?)[0m  [["name", "Danette Turner"], ["team_id", 10], ["created_at", "2018-12-20 01:02:19.674927"], ["updated_at", "2018-12-20 01:02:19.674927"]]
  ↳ db/seeds.rb:14
  [1m[35m (11.7ms)[0m  [1m[36mcommit transaction[0m
  ↳ db/seeds.rb:14
  [1m[35m (0.2ms)[0m  [1m[36mbegin transaction[0m
  ↳ db/seeds.rb:14
  [1m[36mUser Create (0.4ms)[0m  [1m[32mINSERT INTO "users" ("name", "team_id", "created_at", "updated_at") VALUES (?, ?, ?, ?)[0m  [["name", "Hubert Wiegand"], ["team_id", 10], ["created_at", "2018-12-20 01:02:19.691922"], ["updated_at", "2018-12-20 01:02:19.691922"]]
  ↳ db/seeds.rb:14
  [1m[35m (10.0ms)[0m  [1m[36mcommit transaction[0m
  ↳ db/seeds.rb:14
  [1m[35m (0.1ms)[0m  [1m[36mbegin transaction[0m
  ↳ db/seeds.rb:14
  [1m[36mUser Create (0.3ms)[0m  [1m[32mINSERT INTO "users" ("name", "team_id", "created_at", "updated_at") VALUES (?, ?, ?, ?)[0m  [["name", "Robbie Ondricka"], ["team_id", 10], ["created_at", "2018-12-20 01:02:19.707254"], ["updated_at", "2018-12-20 01:02:19.707254"]]
  ↳ db/seeds.rb:14
  [1m[35m (11.2ms)[0m  [1m[36mcommit transaction[0m
  ↳ db/seeds.rb:14
  [1m[35m (0.1ms)[0m  [1m[36mbegin transaction[0m
  ↳ db/seeds.rb:14
  [1m[36mUser Create (0.5ms)[0m  [1m[32mINSERT INTO "users" ("name", "team_id", "created_at", "updated_at") VALUES (?, ?, ?, ?)[0m  [["name", "Efren Leffler"], ["team_id", 10], ["created_at", "2018-12-20 01:02:19.724100"], ["updated_at", "2018-12-20 01:02:19.724100"]]
  ↳ db/seeds.rb:14
  [1m[35m (9.8ms)[0m  [1m[36mcommit transaction[0m
  ↳ db/seeds.rb:14
  [1m[35m (0.1ms)[0m  [1m[36mbegin transaction[0m
  ↳ db/seeds.rb:14
  [1m[36mUser Create (0.4ms)[0m  [1m[32mINSERT INTO "users" ("name", "team_id", "created_at", "updated_at") VALUES (?, ?, ?, ?)[0m  [["name", "Susan Gaylord IV"], ["team_id", 10], ["created_at", "2018-12-20 01:02:19.739005"], ["updated_at", "2018-12-20 01:02:19.739005"]]
  ↳ db/seeds.rb:14
  [1m[35m (11.1ms)[0m  [1m[36mcommit transaction[0m
  ↳ db/seeds.rb:14
  [1m[35m (0.1ms)[0m  [1m[36mbegin transaction[0m
  ↳ db/seeds.rb:7
  [1m[36mTeam Create (0.5ms)[0m  [1m[32mINSERT INTO "teams" ("name", "sport", "created_at", "updated_at") VALUES (?, ?, ?, ?)[0m  [["name", "Ohio dolphins"], ["sport", "rugby"], ["created_at", "2018-12-20 01:02:19.754917"], ["updated_at", "2018-12-20 01:02:19.754917"]]
  ↳ db/seeds.rb:7
  [1m[35m (10.5ms)[0m  [1m[36mcommit transaction[0m
  ↳ db/seeds.rb:7
  [1m[35m (0.1ms)[0m  [1m[36mbegin transaction[0m
  ↳ db/seeds.rb:14
  [1m[36mUser Create (0.4ms)[0m  [1m[32mINSERT INTO "users" ("name", "team_id", "created_at", "updated_at") VALUES (?, ?, ?, ?)[0m  [["name", "Scot Morissette"], ["team_id", 11], ["created_at", "2018-12-20 01:02:19.771068"], ["updated_at", "2018-12-20 01:02:19.771068"]]
  ↳ db/seeds.rb:14
  [1m[35m (10.8ms)[0m  [1m[36mcommit transaction[0m
  ↳ db/seeds.rb:14
  [1m[35m (0.1ms)[0m  [1m[36mbegin transaction[0m
  ↳ db/seeds.rb:14
  [1m[36mUser Create (0.4ms)[0m  [1m[32mINSERT INTO "users" ("name", "team_id", "created_at", "updated_at") VALUES (?, ?, ?, ?)[0m  [["name", "Audie Berge"], ["team_id", 11], ["created_at", "2018-12-20 01:02:19.787217"], ["updated_at", "2018-12-20 01:02:19.787217"]]
  ↳ db/seeds.rb:14
  [1m[35m (10.1ms)[0m  [1m[36mcommit transaction[0m
  ↳ db/seeds.rb:14
  [1m[35m (0.1ms)[0m  [1m[36mbegin transaction[0m
  ↳ db/seeds.rb:14
  [1m[36mUser Create (0.4ms)[0m  [1m[32mINSERT INTO "users" ("name", "team_id", "created_at", "updated_at") VALUES (?, ?, ?, ?)[0m  [["name", "Arleen Braun"], ["team_id", 11], ["created_at", "2018-12-20 01:02:19.801962"], ["updated_at", "2018-12-20 01:02:19.801962"]]
  ↳ db/seeds.rb:14
  [1m[35m (10.8ms)[0m  [1m[36mcommit transaction[0m
  ↳ db/seeds.rb:14
  [1m[35m (0.1ms)[0m  [1m[36mbegin transaction[0m
  ↳ db/seeds.rb:14
  [1m[36mUser Create (0.4ms)[0m  [1m[32mINSERT INTO "users" ("name", "team_id", "created_at", "updated_at") VALUES (?, ?, ?, ?)[0m  [["name", "Rivka Bashirian"], ["team_id", 11], ["created_at", "2018-12-20 01:02:19.817546"], ["updated_at", "2018-12-20 01:02:19.817546"]]
  ↳ db/seeds.rb:14
  [1m[35m (11.5ms)[0m  [1m[36mcommit transaction[0m
  ↳ db/seeds.rb:14
  [1m[35m (0.1ms)[0m  [1m[36mbegin transaction[0m
  ↳ db/seeds.rb:14
  [1m[36mUser Create (0.4ms)[0m  [1m[32mINSERT INTO "users" ("name", "team_id", "created_at", "updated_at") VALUES (?, ?, ?, ?)[0m  [["name", "Jolie Ebert"], ["team_id", 11], ["created_at", "2018-12-20 01:02:19.833816"], ["updated_at", "2018-12-20 01:02:19.833816"]]
  ↳ db/seeds.rb:14
  [1m[35m (12.5ms)[0m  [1m[36mcommit transaction[0m
  ↳ db/seeds.rb:14
  [1m[35m (0.1ms)[0m  [1m[36mbegin transaction[0m
  ↳ db/seeds.rb:7
  [1m[36mTeam Create (0.4ms)[0m  [1m[32mINSERT INTO "teams" ("name", "sport", "created_at", "updated_at") VALUES (?, ?, ?, ?)[0m  [["name", "Maine crows"], ["sport", "volley ball"], ["created_at", "2018-12-20 01:02:19.850103"], ["updated_at", "2018-12-20 01:02:19.850103"]]
  ↳ db/seeds.rb:7
  [1m[35m (11.0ms)[0m  [1m[36mcommit transaction[0m
  ↳ db/seeds.rb:7
  [1m[35m (0.1ms)[0m  [1m[36mbegin transaction[0m
  ↳ db/seeds.rb:14
  [1m[36mUser Create (0.5ms)[0m  [1m[32mINSERT INTO "users" ("name", "team_id", "created_at", "updated_at") VALUES (?, ?, ?, ?)[0m  [["name", "Grover Klocko"], ["team_id", 12], ["created_at", "2018-12-20 01:02:19.867389"], ["updated_at", "2018-12-20 01:02:19.867389"]]
  ↳ db/seeds.rb:14
  [1m[35m (13.6ms)[0m  [1m[36mcommit transaction[0m
  ↳ db/seeds.rb:14
  [1m[35m (0.2ms)[0m  [1m[36mbegin transaction[0m
  ↳ db/seeds.rb:14
  [1m[36mUser Create (0.6ms)[0m  [1m[32mINSERT INTO "users" ("name", "team_id", "created_at", "updated_at") VALUES (?, ?, ?, ?)[0m  [["name", "Randall Collier"], ["team_id", 12], ["created_at", "2018-12-20 01:02:19.887700"], ["updated_at", "2018-12-20 01:02:19.887700"]]
  ↳ db/seeds.rb:14
  [1m[35m (8.3ms)[0m  [1m[36mcommit transaction[0m
  ↳ db/seeds.rb:14
  [1m[35m (0.1ms)[0m  [1m[36mbegin transaction[0m
  ↳ db/seeds.rb:14
  [1m[36mUser Create (0.3ms)[0m  [1m[32mINSERT INTO "users" ("name", "team_id", "created_at", "updated_at") VALUES (?, ?, ?, ?)[0m  [["name", "Dorla Walker"], ["team_id", 12], ["created_at", "2018-12-20 01:02:19.900956"], ["updated_at", "2018-12-20 01:02:19.900956"]]
  ↳ db/seeds.rb:14
  [1m[35m (14.9ms)[0m  [1m[36mcommit transaction[0m
  ↳ db/seeds.rb:14
  [1m[35m (0.1ms)[0m  [1m[36mbegin transaction[0m
  ↳ db/seeds.rb:14
  [1m[36mUser Create (0.4ms)[0m  [1m[32mINSERT INTO "users" ("name", "team_id", "created_at", "updated_at") VALUES (?, ?, ?, ?)[0m  [["name", "Warner Gusikowski"], ["team_id", 12], ["created_at", "2018-12-20 01:02:19.920585"], ["updated_at", "2018-12-20 01:02:19.920585"]]
  ↳ db/seeds.rb:14
  [1m[35m (10.3ms)[0m  [1m[36mcommit transaction[0m
  ↳ db/seeds.rb:14
  [1m[35m (0.1ms)[0m  [1m[36mbegin transaction[0m
  ↳ db/seeds.rb:14
  [1m[36mUser Create (0.4ms)[0m  [1m[32mINSERT INTO "users" ("name", "team_id", "created_at", "updated_at") VALUES (?, ?, ?, ?)[0m  [["name", "Leticia Feil"], ["team_id", 12], ["created_at", "2018-12-20 01:02:19.935693"], ["updated_at", "2018-12-20 01:02:19.935693"]]
  ↳ db/seeds.rb:14
  [1m[35m (12.5ms)[0m  [1m[36mcommit transaction[0m
  ↳ db/seeds.rb:14
Started GET "/" for 127.0.0.1 at 2018-12-19 19:02:43 -0600
  [1m[35m (0.1ms)[0m  [1m[34mSELECT "schema_migrations"."version" FROM "schema_migrations" ORDER BY "schema_migrations"."version" ASC[0m
  ↳ /home/tonyp3rd/.rvm/gems/ruby-2.5.1/gems/activerecord-5.2.1.1/lib/active_record/log_subscriber.rb:98
Processing by Rails::WelcomeController#index as HTML
  Rendering /home/tonyp3rd/.rvm/gems/ruby-2.5.1/gems/railties-5.2.1.1/lib/rails/templates/rails/welcome/index.html.erb
  Rendered /home/tonyp3rd/.rvm/gems/ruby-2.5.1/gems/railties-5.2.1.1/lib/rails/templates/rails/welcome/index.html.erb (4.5ms)
Completed 200 OK in 22ms (Views: 12.0ms | ActiveRecord: 0.0ms)


Started GET "/users" for 127.0.0.1 at 2018-12-19 19:02:48 -0600
Processing by UsersController#index as HTML
  Rendering users/index.html.erb within layouts/application
  [1m[36mUser Load (0.2ms)[0m  [1m[34mSELECT "users".* FROM "users"[0m
  ↳ app/views/users/index.html.erb:16
  Rendered users/index.html.erb within layouts/application (17.0ms)
Completed 200 OK in 1330ms (Views: 1321.9ms | ActiveRecord: 1.2ms)


Started GET "/team" for 127.0.0.1 at 2018-12-19 19:02:59 -0600
  
ActionController::RoutingError (No route matches [GET] "/team"):
  
actionpack (5.2.1.1) lib/action_dispatch/middleware/debug_exceptions.rb:65:in `call'
web-console (3.7.0) lib/web_console/middleware.rb:135:in `call_app'
web-console (3.7.0) lib/web_console/middleware.rb:30:in `block in call'
web-console (3.7.0) lib/web_console/middleware.rb:20:in `catch'
web-console (3.7.0) lib/web_console/middleware.rb:20:in `call'
actionpack (5.2.1.1) lib/action_dispatch/middleware/show_exceptions.rb:33:in `call'
railties (5.2.1.1) lib/rails/rack/logger.rb:38:in `call_app'
railties (5.2.1.1) lib/rails/rack/logger.rb:26:in `block in call'
activesupport (5.2.1.1) lib/active_support/tagged_logging.rb:71:in `block in tagged'
activesupport (5.2.1.1) lib/active_support/tagged_logging.rb:28:in `tagged'
activesupport (5.2.1.1) lib/active_support/tagged_logging.rb:71:in `tagged'
railties (5.2.1.1) lib/rails/rack/logger.rb:26:in `call'
sprockets-rails (3.2.1) lib/sprockets/rails/quiet_assets.rb:13:in `call'
actionpack (5.2.1.1) lib/action_dispatch/middleware/remote_ip.rb:81:in `call'
actionpack (5.2.1.1) lib/action_dispatch/middleware/request_id.rb:27:in `call'
rack (2.0.6) lib/rack/method_override.rb:22:in `call'
rack (2.0.6) lib/rack/runtime.rb:22:in `call'
activesupport (5.2.1.1) lib/active_support/cache/strategy/local_cache_middleware.rb:29:in `call'
actionpack (5.2.1.1) lib/action_dispatch/middleware/executor.rb:14:in `call'
actionpack (5.2.1.1) lib/action_dispatch/middleware/static.rb:127:in `call'
rack (2.0.6) lib/rack/sendfile.rb:111:in `call'
railties (5.2.1.1) lib/rails/engine.rb:524:in `call'
puma (3.12.0) lib/puma/configuration.rb:225:in `call'
puma (3.12.0) lib/puma/server.rb:658:in `handle_request'
puma (3.12.0) lib/puma/server.rb:472:in `process_client'
puma (3.12.0) lib/puma/server.rb:332:in `block in run'
puma (3.12.0) lib/puma/thread_pool.rb:133:in `block in spawn_thread'
Started GET "/teams" for 127.0.0.1 at 2018-12-19 19:03:10 -0600
Processing by TeamsController#index as HTML
  Rendering teams/index.html.erb within layouts/application
  [1m[36mTeam Load (0.2ms)[0m  [1m[34mSELECT "teams".* FROM "teams"[0m
  ↳ app/views/teams/index.html.erb:15
  Rendered teams/index.html.erb within layouts/application (10.1ms)
Completed 200 OK in 43ms (Views: 37.1ms | ActiveRecord: 0.8ms)


